
*** Running vivado
    with args -log Usa_RAM.vds -m64 -product Vivado -mode batch -messageDb vivado.pb -notrace -source Usa_RAM.tcl


****** Vivado v2017.4 (64-bit)
  **** SW Build 2086221 on Fri Dec 15 20:55:39 MST 2017
  **** IP Build 2085800 on Fri Dec 15 22:25:07 MST 2017
    ** Copyright 1986-2017 Xilinx, Inc. All Rights Reserved.

source Usa_RAM.tcl -notrace
Command: synth_design -top Usa_RAM -part xc7z020clg484-1
Starting synth_design
Attempting to get a license for feature 'Synthesis' and/or device 'xc7z020'
INFO: [Common 17-349] Got license for feature 'Synthesis' and/or device 'xc7z020'
INFO: Launching helper process for spawning children vivado processes
INFO: Helper process launched with PID 25852 
---------------------------------------------------------------------------------
Starting RTL Elaboration : Time (s): cpu = 00:00:06 ; elapsed = 00:00:05 . Memory (MB): peak = 402.211 ; gain = 99.094
---------------------------------------------------------------------------------
INFO: [Synth 8-638] synthesizing module 'Usa_RAM' [C:/Users/Daniele/Desktop/università/elettronica digitale/progetto III/RAM/RAM.srcs/sources_1/new/Usa_RAM.vhd:16]
INFO: [Synth 8-3491] module 'blk_mem_gen_0' declared at 'C:/Users/Daniele/Desktop/università/elettronica digitale/progetto III/RAM/RAM.runs/synth_1/.Xil/Vivado-19312-DESKTOP-C7MDCSI/realtime/blk_mem_gen_0_stub.v:6' bound to instance 'MEM' of component 'blk_mem_gen_0' [C:/Users/Daniele/Desktop/università/elettronica digitale/progetto III/RAM/RAM.srcs/sources_1/new/Usa_RAM.vhd:47]
INFO: [Synth 8-638] synthesizing module 'blk_mem_gen_0' [C:/Users/Daniele/Desktop/università/elettronica digitale/progetto III/RAM/RAM.runs/synth_1/.Xil/Vivado-19312-DESKTOP-C7MDCSI/realtime/blk_mem_gen_0_stub.v:6]
INFO: [Synth 8-256] done synthesizing module 'blk_mem_gen_0' (1#1) [C:/Users/Daniele/Desktop/università/elettronica digitale/progetto III/RAM/RAM.runs/synth_1/.Xil/Vivado-19312-DESKTOP-C7MDCSI/realtime/blk_mem_gen_0_stub.v:6]
	Parameter nb bound to: 8 - type: integer 
INFO: [Synth 8-3491] module 'Mul' declared at 'C:/Users/Daniele/Desktop/università/elettronica digitale/progetto III/RAM/RAM.srcs/sources_1/imports/sources_1/new/Mul.vhd:5' bound to instance 'test' of component 'Mul' [C:/Users/Daniele/Desktop/università/elettronica digitale/progetto III/RAM/RAM.srcs/sources_1/new/Usa_RAM.vhd:48]
INFO: [Synth 8-638] synthesizing module 'Mul' [C:/Users/Daniele/Desktop/università/elettronica digitale/progetto III/RAM/RAM.srcs/sources_1/imports/sources_1/new/Mul.vhd:14]
	Parameter nb bound to: 8 - type: integer 
WARNING: [Synth 8-3919] null assignment ignored [C:/Users/Daniele/Desktop/università/elettronica digitale/progetto III/RAM/RAM.srcs/sources_1/imports/sources_1/new/Mul.vhd:44]
	Parameter nb bound to: 16 - type: integer 
INFO: [Synth 8-3491] module 'Registro' declared at 'C:/Users/Daniele/Desktop/università/elettronica digitale/progetto III/RAM/RAM.srcs/sources_1/imports/sources_1/imports/Downloads/Registro.vhd:5' bound to instance 'reg0' of component 'Registro' [C:/Users/Daniele/Desktop/università/elettronica digitale/progetto III/RAM/RAM.srcs/sources_1/imports/sources_1/new/Mul.vhd:48]
INFO: [Synth 8-638] synthesizing module 'Registro' [C:/Users/Daniele/Desktop/università/elettronica digitale/progetto III/RAM/RAM.srcs/sources_1/imports/sources_1/imports/Downloads/Registro.vhd:12]
	Parameter nb bound to: 16 - type: integer 
INFO: [Synth 8-256] done synthesizing module 'Registro' (2#1) [C:/Users/Daniele/Desktop/università/elettronica digitale/progetto III/RAM/RAM.srcs/sources_1/imports/sources_1/imports/Downloads/Registro.vhd:12]
	Parameter nb bound to: 16 - type: integer 
INFO: [Synth 8-3491] module 'Registro' declared at 'C:/Users/Daniele/Desktop/università/elettronica digitale/progetto III/RAM/RAM.srcs/sources_1/imports/sources_1/imports/Downloads/Registro.vhd:5' bound to instance 'reg1' of component 'Registro' [C:/Users/Daniele/Desktop/università/elettronica digitale/progetto III/RAM/RAM.srcs/sources_1/imports/sources_1/new/Mul.vhd:49]
	Parameter nb bound to: 16 - type: integer 
INFO: [Synth 8-3491] module 'Registro' declared at 'C:/Users/Daniele/Desktop/università/elettronica digitale/progetto III/RAM/RAM.srcs/sources_1/imports/sources_1/imports/Downloads/Registro.vhd:5' bound to instance 'reg2' of component 'Registro' [C:/Users/Daniele/Desktop/università/elettronica digitale/progetto III/RAM/RAM.srcs/sources_1/imports/sources_1/new/Mul.vhd:50]
	Parameter nb bound to: 16 - type: integer 
INFO: [Synth 8-3491] module 'Registro' declared at 'C:/Users/Daniele/Desktop/università/elettronica digitale/progetto III/RAM/RAM.srcs/sources_1/imports/sources_1/imports/Downloads/Registro.vhd:5' bound to instance 'reg3' of component 'Registro' [C:/Users/Daniele/Desktop/università/elettronica digitale/progetto III/RAM/RAM.srcs/sources_1/imports/sources_1/new/Mul.vhd:51]
	Parameter nb bound to: 16 - type: integer 
INFO: [Synth 8-3491] module 'Registro' declared at 'C:/Users/Daniele/Desktop/università/elettronica digitale/progetto III/RAM/RAM.srcs/sources_1/imports/sources_1/imports/Downloads/Registro.vhd:5' bound to instance 'reg4' of component 'Registro' [C:/Users/Daniele/Desktop/università/elettronica digitale/progetto III/RAM/RAM.srcs/sources_1/imports/sources_1/new/Mul.vhd:52]
	Parameter nb bound to: 16 - type: integer 
INFO: [Synth 8-3491] module 'Registro' declared at 'C:/Users/Daniele/Desktop/università/elettronica digitale/progetto III/RAM/RAM.srcs/sources_1/imports/sources_1/imports/Downloads/Registro.vhd:5' bound to instance 'reg5' of component 'Registro' [C:/Users/Daniele/Desktop/università/elettronica digitale/progetto III/RAM/RAM.srcs/sources_1/imports/sources_1/new/Mul.vhd:53]
	Parameter nb bound to: 16 - type: integer 
INFO: [Synth 8-3491] module 'Registro' declared at 'C:/Users/Daniele/Desktop/università/elettronica digitale/progetto III/RAM/RAM.srcs/sources_1/imports/sources_1/imports/Downloads/Registro.vhd:5' bound to instance 'reg6' of component 'Registro' [C:/Users/Daniele/Desktop/università/elettronica digitale/progetto III/RAM/RAM.srcs/sources_1/imports/sources_1/new/Mul.vhd:54]
	Parameter nb bound to: 16 - type: integer 
INFO: [Synth 8-3491] module 'Registro' declared at 'C:/Users/Daniele/Desktop/università/elettronica digitale/progetto III/RAM/RAM.srcs/sources_1/imports/sources_1/imports/Downloads/Registro.vhd:5' bound to instance 'reg7' of component 'Registro' [C:/Users/Daniele/Desktop/università/elettronica digitale/progetto III/RAM/RAM.srcs/sources_1/imports/sources_1/new/Mul.vhd:55]
	Parameter nb bound to: 16 - type: integer 
INFO: [Synth 8-3491] module 'RegAdder' declared at 'C:/Users/Daniele/Desktop/università/elettronica digitale/progetto III/RAM/RAM.srcs/sources_1/imports/sources_1/imports/new/RegAdder.vhd:7' bound to instance 'sum1' of component 'RegAdder' [C:/Users/Daniele/Desktop/università/elettronica digitale/progetto III/RAM/RAM.srcs/sources_1/imports/sources_1/new/Mul.vhd:58]
INFO: [Synth 8-638] synthesizing module 'RegAdder' [C:/Users/Daniele/Desktop/università/elettronica digitale/progetto III/RAM/RAM.srcs/sources_1/imports/sources_1/imports/new/RegAdder.vhd:15]
	Parameter nb bound to: 16 - type: integer 
INFO: [Synth 8-256] done synthesizing module 'RegAdder' (3#1) [C:/Users/Daniele/Desktop/università/elettronica digitale/progetto III/RAM/RAM.srcs/sources_1/imports/sources_1/imports/new/RegAdder.vhd:15]
	Parameter nb bound to: 16 - type: integer 
INFO: [Synth 8-3491] module 'Registro' declared at 'C:/Users/Daniele/Desktop/università/elettronica digitale/progetto III/RAM/RAM.srcs/sources_1/imports/sources_1/imports/Downloads/Registro.vhd:5' bound to instance 'regs1' of component 'Registro' [C:/Users/Daniele/Desktop/università/elettronica digitale/progetto III/RAM/RAM.srcs/sources_1/imports/sources_1/new/Mul.vhd:59]
	Parameter nb bound to: 16 - type: integer 
INFO: [Synth 8-3491] module 'RegAdder' declared at 'C:/Users/Daniele/Desktop/università/elettronica digitale/progetto III/RAM/RAM.srcs/sources_1/imports/sources_1/imports/new/RegAdder.vhd:7' bound to instance 'sum2' of component 'RegAdder' [C:/Users/Daniele/Desktop/università/elettronica digitale/progetto III/RAM/RAM.srcs/sources_1/imports/sources_1/new/Mul.vhd:61]
	Parameter nb bound to: 16 - type: integer 
INFO: [Synth 8-3491] module 'Registro' declared at 'C:/Users/Daniele/Desktop/università/elettronica digitale/progetto III/RAM/RAM.srcs/sources_1/imports/sources_1/imports/Downloads/Registro.vhd:5' bound to instance 'regs2' of component 'Registro' [C:/Users/Daniele/Desktop/università/elettronica digitale/progetto III/RAM/RAM.srcs/sources_1/imports/sources_1/new/Mul.vhd:62]
	Parameter nb bound to: 16 - type: integer 
INFO: [Synth 8-3491] module 'RegAdder' declared at 'C:/Users/Daniele/Desktop/università/elettronica digitale/progetto III/RAM/RAM.srcs/sources_1/imports/sources_1/imports/new/RegAdder.vhd:7' bound to instance 'sum3' of component 'RegAdder' [C:/Users/Daniele/Desktop/università/elettronica digitale/progetto III/RAM/RAM.srcs/sources_1/imports/sources_1/new/Mul.vhd:64]
	Parameter nb bound to: 16 - type: integer 
INFO: [Synth 8-3491] module 'Registro' declared at 'C:/Users/Daniele/Desktop/università/elettronica digitale/progetto III/RAM/RAM.srcs/sources_1/imports/sources_1/imports/Downloads/Registro.vhd:5' bound to instance 'regs3' of component 'Registro' [C:/Users/Daniele/Desktop/università/elettronica digitale/progetto III/RAM/RAM.srcs/sources_1/imports/sources_1/new/Mul.vhd:65]
	Parameter nb bound to: 16 - type: integer 
INFO: [Synth 8-3491] module 'RegAdder' declared at 'C:/Users/Daniele/Desktop/università/elettronica digitale/progetto III/RAM/RAM.srcs/sources_1/imports/sources_1/imports/new/RegAdder.vhd:7' bound to instance 'sum4' of component 'RegAdder' [C:/Users/Daniele/Desktop/università/elettronica digitale/progetto III/RAM/RAM.srcs/sources_1/imports/sources_1/new/Mul.vhd:67]
	Parameter nb bound to: 16 - type: integer 
INFO: [Synth 8-3491] module 'Registro' declared at 'C:/Users/Daniele/Desktop/università/elettronica digitale/progetto III/RAM/RAM.srcs/sources_1/imports/sources_1/imports/Downloads/Registro.vhd:5' bound to instance 'regs4' of component 'Registro' [C:/Users/Daniele/Desktop/università/elettronica digitale/progetto III/RAM/RAM.srcs/sources_1/imports/sources_1/new/Mul.vhd:68]
	Parameter nb bound to: 16 - type: integer 
INFO: [Synth 8-3491] module 'RegAdder' declared at 'C:/Users/Daniele/Desktop/università/elettronica digitale/progetto III/RAM/RAM.srcs/sources_1/imports/sources_1/imports/new/RegAdder.vhd:7' bound to instance 'suml1' of component 'RegAdder' [C:/Users/Daniele/Desktop/università/elettronica digitale/progetto III/RAM/RAM.srcs/sources_1/imports/sources_1/new/Mul.vhd:71]
	Parameter nb bound to: 16 - type: integer 
INFO: [Synth 8-3491] module 'Registro' declared at 'C:/Users/Daniele/Desktop/università/elettronica digitale/progetto III/RAM/RAM.srcs/sources_1/imports/sources_1/imports/Downloads/Registro.vhd:5' bound to instance 'regsl1' of component 'Registro' [C:/Users/Daniele/Desktop/università/elettronica digitale/progetto III/RAM/RAM.srcs/sources_1/imports/sources_1/new/Mul.vhd:72]
	Parameter nb bound to: 16 - type: integer 
INFO: [Synth 8-3491] module 'RegAdder' declared at 'C:/Users/Daniele/Desktop/università/elettronica digitale/progetto III/RAM/RAM.srcs/sources_1/imports/sources_1/imports/new/RegAdder.vhd:7' bound to instance 'suml2' of component 'RegAdder' [C:/Users/Daniele/Desktop/università/elettronica digitale/progetto III/RAM/RAM.srcs/sources_1/imports/sources_1/new/Mul.vhd:74]
	Parameter nb bound to: 16 - type: integer 
INFO: [Synth 8-3491] module 'Registro' declared at 'C:/Users/Daniele/Desktop/università/elettronica digitale/progetto III/RAM/RAM.srcs/sources_1/imports/sources_1/imports/Downloads/Registro.vhd:5' bound to instance 'regsl2' of component 'Registro' [C:/Users/Daniele/Desktop/università/elettronica digitale/progetto III/RAM/RAM.srcs/sources_1/imports/sources_1/new/Mul.vhd:75]
	Parameter nb bound to: 16 - type: integer 
INFO: [Synth 8-3491] module 'RegAdder' declared at 'C:/Users/Daniele/Desktop/università/elettronica digitale/progetto III/RAM/RAM.srcs/sources_1/imports/sources_1/imports/new/RegAdder.vhd:7' bound to instance 'SommaRis' of component 'RegAdder' [C:/Users/Daniele/Desktop/università/elettronica digitale/progetto III/RAM/RAM.srcs/sources_1/imports/sources_1/new/Mul.vhd:79]
	Parameter nb bound to: 16 - type: integer 
INFO: [Synth 8-3491] module 'Registro' declared at 'C:/Users/Daniele/Desktop/università/elettronica digitale/progetto III/RAM/RAM.srcs/sources_1/imports/sources_1/imports/Downloads/Registro.vhd:5' bound to instance 'RegRis' of component 'Registro' [C:/Users/Daniele/Desktop/università/elettronica digitale/progetto III/RAM/RAM.srcs/sources_1/imports/sources_1/new/Mul.vhd:80]
INFO: [Synth 8-256] done synthesizing module 'Mul' (4#1) [C:/Users/Daniele/Desktop/università/elettronica digitale/progetto III/RAM/RAM.srcs/sources_1/imports/sources_1/new/Mul.vhd:14]
	Parameter nb bound to: 16 - type: integer 
INFO: [Synth 8-3491] module 'Registro' declared at 'C:/Users/Daniele/Desktop/università/elettronica digitale/progetto III/RAM/RAM.srcs/sources_1/imports/sources_1/imports/Downloads/Registro.vhd:5' bound to instance 'finale' of component 'Registro' [C:/Users/Daniele/Desktop/università/elettronica digitale/progetto III/RAM/RAM.srcs/sources_1/new/Usa_RAM.vhd:49]
INFO: [Synth 8-256] done synthesizing module 'Usa_RAM' (5#1) [C:/Users/Daniele/Desktop/università/elettronica digitale/progetto III/RAM/RAM.srcs/sources_1/new/Usa_RAM.vhd:16]
TclStackFree: incorrect freePtr. Call out of sequence?
